0 info it worked if it ends with ok
1 verbose cli [ '/home/tatomyr/.nvm/versions/node/v4.6.2/bin/node',
1 verbose cli   '/home/tatomyr/.nvm/versions/node/v4.6.2/bin/npm',
1 verbose cli   'run',
1 verbose cli   'test' ]
2 info using npm@2.15.11
3 info using node@v4.6.2
4 verbose run-script [ 'pretest', 'test', 'posttest' ]
5 info pretest multiset@0.0.1
6 info test multiset@0.0.1
7 verbose unsafe-perm in lifecycle true
8 info multiset@0.0.1 Failed to exec test script
9 verbose stack Error: multiset@0.0.1 test: `mocha --reporter spec`
9 verbose stack Exit status 1
9 verbose stack     at EventEmitter.<anonymous> (/home/tatomyr/.nvm/versions/node/v4.6.2/lib/node_modules/npm/lib/utils/lifecycle.js:217:16)
9 verbose stack     at emitTwo (events.js:87:13)
9 verbose stack     at EventEmitter.emit (events.js:172:7)
9 verbose stack     at ChildProcess.<anonymous> (/home/tatomyr/.nvm/versions/node/v4.6.2/lib/node_modules/npm/lib/utils/spawn.js:24:14)
9 verbose stack     at emitTwo (events.js:87:13)
9 verbose stack     at ChildProcess.emit (events.js:172:7)
9 verbose stack     at maybeClose (internal/child_process.js:854:16)
9 verbose stack     at Process.ChildProcess._handle.onexit (internal/child_process.js:222:5)
10 verbose pkgid multiset@0.0.1
11 verbose cwd /home/tatomyr/projects/augumented-multiset
12 error Linux 4.4.0-93-generic
13 error argv "/home/tatomyr/.nvm/versions/node/v4.6.2/bin/node" "/home/tatomyr/.nvm/versions/node/v4.6.2/bin/npm" "run" "test"
14 error node v4.6.2
15 error npm  v2.15.11
16 error code ELIFECYCLE
17 error multiset@0.0.1 test: `mocha --reporter spec`
17 error Exit status 1
18 error Failed at the multiset@0.0.1 test script 'mocha --reporter spec'.
18 error This is most likely a problem with the multiset package,
18 error not with npm itself.
18 error Tell the author that this fails on your system:
18 error     mocha --reporter spec
18 error You can get information on how to open an issue for this project with:
18 error     npm bugs multiset
18 error Or if that isn't available, you can get their info via:
18 error
18 error     npm owner ls multiset
18 error There is likely additional logging output above.
19 verbose exit [ 1, true ]
